c:\users\mekaniker\vs2022 projects\oop\assignments\a8-9\a8-9\x64\debug\qt\uic\ui_a89.h
c:\users\mekaniker\vs2022 projects\oop\assignments\a8-9\a8-9\x64\debug\qt\rcc\qrc_a89.cpp
c:\users\mekaniker\vs2022 projects\oop\assignments\a8-9\a8-9\x64\debug\qt\moc\moc_a89.cpp
c:\users\mekaniker\vs2022 projects\oop\assignments\a8-9\a8-9\x64\debug\qt\moc\moc_admingui.cpp
c:\users\mekaniker\vs2022 projects\oop\assignments\a8-9\a8-9\x64\debug\qt\moc\moc_usergui.cpp
c:\users\mekaniker\vs2022 projects\oop\assignments\a8-9\a8-9\x64\debug\vc143.pdb
c:\users\mekaniker\vs2022 projects\oop\assignments\a8-9\a8-9\x64\debug\vc143.idb
c:\users\mekaniker\vs2022 projects\oop\assignments\a8-9\a8-9\x64\debug\qrc_a89.obj
c:\users\mekaniker\vs2022 projects\oop\assignments\a8-9\a8-9\x64\debug\usergui.obj
c:\users\mekaniker\vs2022 projects\oop\assignments\a8-9\a8-9\x64\debug\filerepo.obj
c:\users\mekaniker\vs2022 projects\oop\assignments\a8-9\a8-9\x64\debug\validator.obj
c:\users\mekaniker\vs2022 projects\oop\assignments\a8-9\a8-9\x64\debug\movie.obj
c:\users\mekaniker\vs2022 projects\oop\assignments\a8-9\a8-9\x64\debug\ui.obj
c:\users\mekaniker\vs2022 projects\oop\assignments\a8-9\a8-9\x64\debug\repo.obj
c:\users\mekaniker\vs2022 projects\oop\assignments\a8-9\a8-9\x64\debug\main.obj
c:\users\mekaniker\vs2022 projects\oop\assignments\a8-9\a8-9\x64\debug\adminservice.obj
c:\users\mekaniker\vs2022 projects\oop\assignments\a8-9\a8-9\x64\debug\userservice.obj
c:\users\mekaniker\vs2022 projects\oop\assignments\a8-9\a8-9\x64\debug\admingui.obj
c:\users\mekaniker\vs2022 projects\oop\assignments\a8-9\a8-9\x64\debug\a89.obj
c:\users\mekaniker\vs2022 projects\oop\assignments\a8-9\a8-9\x64\debug\watchlistrepo.obj
c:\users\mekaniker\vs2022 projects\oop\assignments\a8-9\a8-9\x64\debug\moc_admingui.obj
c:\users\mekaniker\vs2022 projects\oop\assignments\a8-9\a8-9\x64\debug\moc_usergui.obj
c:\users\mekaniker\vs2022 projects\oop\assignments\a8-9\a8-9\x64\debug\moc_a89.obj
c:\users\mekaniker\vs2022 projects\oop\assignments\a8-9\x64\debug\a8-9.exe
c:\users\mekaniker\vs2022 projects\oop\assignments\a8-9\x64\debug\a8-9.pdb
c:\users\mekaniker\vs2022 projects\oop\assignments\a8-9\a8-9\x64\debug\a8-9.ilk
c:\users\mekaniker\vs2022 projects\oop\assignments\a8-9\a8-9\x64\debug\a8-9.tlog\a8-9.write.1u.tlog
c:\users\mekaniker\vs2022 projects\oop\assignments\a8-9\a8-9\x64\debug\a8-9.tlog\cl.command.1.tlog
c:\users\mekaniker\vs2022 projects\oop\assignments\a8-9\a8-9\x64\debug\a8-9.tlog\cl.items.tlog
c:\users\mekaniker\vs2022 projects\oop\assignments\a8-9\a8-9\x64\debug\a8-9.tlog\cl.read.1.tlog
c:\users\mekaniker\vs2022 projects\oop\assignments\a8-9\a8-9\x64\debug\a8-9.tlog\cl.write.1.tlog
c:\users\mekaniker\vs2022 projects\oop\assignments\a8-9\a8-9\x64\debug\a8-9.tlog\link.command.1.tlog
c:\users\mekaniker\vs2022 projects\oop\assignments\a8-9\a8-9\x64\debug\a8-9.tlog\link.read.1.tlog
c:\users\mekaniker\vs2022 projects\oop\assignments\a8-9\a8-9\x64\debug\a8-9.tlog\link.secondary.1.tlog
c:\users\mekaniker\vs2022 projects\oop\assignments\a8-9\a8-9\x64\debug\a8-9.tlog\link.write.1.tlog
c:\users\mekaniker\vs2022 projects\oop\assignments\a8-9\a8-9\x64\debug\a8-9.tlog\moc.read.1u.tlog
c:\users\mekaniker\vs2022 projects\oop\assignments\a8-9\a8-9\x64\debug\a8-9.tlog\moc.write.1u.tlog
c:\users\mekaniker\vs2022 projects\oop\assignments\a8-9\a8-9\x64\debug\a8-9.tlog\rcc.read.1u.tlog
c:\users\mekaniker\vs2022 projects\oop\assignments\a8-9\a8-9\x64\debug\a8-9.tlog\rcc.write.1u.tlog
c:\users\mekaniker\vs2022 projects\oop\assignments\a8-9\a8-9\x64\debug\a8-9.tlog\uic.read.1u.tlog
c:\users\mekaniker\vs2022 projects\oop\assignments\a8-9\a8-9\x64\debug\a8-9.tlog\uic.write.1u.tlog
